# JRE version: Java(TM) SE Runtime Environment (8.0_211-b12) (build 1.8.0_211-b12)
# Java VM: Java HotSpot(TM) Client VM (25.211-b12 mixed mode windows-x86 )
Heap:
 def new generation   total 20672K, used 12647K [0x05000000, 0x06660000, 0x0a550000)
  eden space 18432K,  61% used [0x05000000, 0x05b15828, 0x06200000)
  from space 2240K,  57% used [0x06430000, 0x06574758, 0x06660000)
  to   space 2240K,   0% used [0x06200000, 0x06200000, 0x06430000)
 tenured generation   total 45744K, used 36680K [0x0a550000, 0x0d1fc000, 0x15000000)
   the space 45744K,  80% used [0x0a550000, 0x0c922350, 0x0c922400, 0x0d1fc000)
 Metaspace       used 56025K, capacity 58105K, committed 64000K, reserved 64896K
GC Heap History (10 events):
Event: 3097.855 GC heap before
{Heap before GC invocations=488 (full 17):
 def new generation   total 20672K, used 18931K [0x05000000, 0x06660000, 0x0a550000)
  eden space 18432K, 100% used [0x05000000, 0x06200000, 0x06200000)
  from space 2240K,  22% used [0x06200000, 0x0627cd90, 0x06430000)
  to   space 2240K,   0% used [0x06430000, 0x06430000, 0x06660000)
 tenured generation   total 45744K, used 32424K [0x0a550000, 0x0d1fc000, 0x15000000)
   the space 45744K,  70% used [0x0a550000, 0x0c4fa298, 0x0c4fa400, 0x0d1fc000)
 Metaspace       used 55353K, capacity 57367K, committed 64000K, reserved 64896K
Event: 3097.857 GC heap after
Heap after GC invocations=489 (full 17):
 def new generation   total 20672K, used 652K [0x05000000, 0x06660000, 0x0a550000)
  eden space 18432K,   0% used [0x05000000, 0x05000000, 0x06200000)
  from space 2240K,  29% used [0x06430000, 0x064d3100, 0x06660000)
  to   space 2240K,   0% used [0x06200000, 0x06200000, 0x06430000)
 tenured generation   total 45744K, used 32424K [0x0a550000, 0x0d1fc000, 0x15000000)
   the space 45744K,  70% used [0x0a550000, 0x0c4fa298, 0x0c4fa400, 0x0d1fc000)
 Metaspace       used 55353K, capacity 57367K, committed 64000K, reserved 64896K
}
Event: 3097.941 GC heap before
{Heap before GC invocations=489 (full 17):
 def new generation   total 20672K, used 19084K [0x05000000, 0x06660000, 0x0a550000)
  eden space 18432K, 100% used [0x05000000, 0x06200000, 0x06200000)
  from space 2240K,  29% used [0x06430000, 0x064d3100, 0x06660000)
  to   space 2240K,   0% used [0x06200000, 0x06200000, 0x06430000)
 tenured generation   total 45744K, used 32424K [0x0a550000, 0x0d1fc000, 0x15000000)
   the space 45744K,  70% used [0x0a550000, 0x0c4fa298, 0x0c4fa400, 0x0d1fc000)
 Metaspace       used 55400K, capacity 57404K, committed 64000K, reserved 64896K
Event: 3097.945 GC heap after
Heap after GC invocations=490 (full 17):
 def new generation   total 20672K, used 1368K [0x05000000, 0x06660000, 0x0a550000)
  eden space 18432K,   0% used [0x05000000, 0x05000000, 0x06200000)
  from space 2240K,  61% used [0x06200000, 0x06356288, 0x06430000)
  to   space 2240K,   0% used [0x06430000, 0x06430000, 0x06660000)
 tenured generation   total 45744K, used 32424K [0x0a550000, 0x0d1fc000, 0x15000000)
   the space 45744K,  70% used [0x0a550000, 0x0c4fa298, 0x0c4fa400, 0x0d1fc000)
 Metaspace       used 55400K, capacity 57404K, committed 64000K, reserved 64896K
}
Event: 3098.087 GC heap before
{Heap before GC invocations=490 (full 17):
 def new generation   total 20672K, used 19800K [0x05000000, 0x06660000, 0x0a550000)
  eden space 18432K, 100% used [0x05000000, 0x06200000, 0x06200000)
  from space 2240K,  61% used [0x06200000, 0x06356288, 0x06430000)
  to   space 2240K,   0% used [0x06430000, 0x06430000, 0x06660000)
 tenured generation   total 45744K, used 32424K [0x0a550000, 0x0d1fc000, 0x15000000)
   the space 45744K,  70% used [0x0a550000, 0x0c4fa298, 0x0c4fa400, 0x0d1fc000)
 Metaspace       used 55513K, capacity 57525K, committed 64000K, reserved 64896K
Event: 3098.094 GC heap after
Heap after GC invocations=491 (full 17):
 def new generation   total 20672K, used 2240K [0x05000000, 0x06660000, 0x0a550000)
  eden space 18432K,   0% used [0x05000000, 0x05000000, 0x06200000)
  from space 2240K, 100% used [0x06430000, 0x06660000, 0x06660000)
  to   space 2240K,   0% used [0x06200000, 0x06200000, 0x06430000)
 tenured generation   total 45744K, used 33041K [0x0a550000, 0x0d1fc000, 0x15000000)
   the space 45744K,  72% used [0x0a550000, 0x0c5946b8, 0x0c594800, 0x0d1fc000)
 Metaspace       used 55513K, capacity 57525K, committed 64000K, reserved 64896K
}
Event: 3098.233 GC heap before
{Heap before GC invocations=491 (full 17):
 def new generation   total 20672K, used 20672K [0x05000000, 0x06660000, 0x0a550000)
  eden space 18432K, 100% used [0x05000000, 0x06200000, 0x06200000)
  from space 2240K, 100% used [0x06430000, 0x06660000, 0x06660000)
  to   space 2240K,   0% used [0x06200000, 0x06200000, 0x06430000)
 tenured generation   total 45744K, used 33041K [0x0a550000, 0x0d1fc000, 0x15000000)
   the space 45744K,  72% used [0x0a550000, 0x0c5946b8, 0x0c594800, 0x0d1fc000)
 Metaspace       used 55668K, capacity 57710K, committed 64000K, reserved 64896K
Event: 3098.241 GC heap after
Heap after GC invocations=492 (full 17):
 def new generation   total 20672K, used 1628K [0x05000000, 0x06660000, 0x0a550000)
  eden space 18432K,   0% used [0x05000000, 0x05000000, 0x06200000)
  from space 2240K,  72% used [0x06200000, 0x063971b8, 0x06430000)
  to   space 2240K,   0% used [0x06430000, 0x06430000, 0x06660000)
 tenured generation   total 45744K, used 35276K [0x0a550000, 0x0d1fc000, 0x15000000)
   the space 45744K,  77% used [0x0a550000, 0x0c7c3368, 0x0c7c3400, 0x0d1fc000)
 Metaspace       used 55668K, capacity 57710K, committed 64000K, reserved 64896K
}
Event: 3098.374 GC heap before
{Heap before GC invocations=492 (full 17):
 def new generation   total 20672K, used 20060K [0x05000000, 0x06660000, 0x0a550000)
  eden space 18432K, 100% used [0x05000000, 0x06200000, 0x06200000)
  from space 2240K,  72% used [0x06200000, 0x063971b8, 0x06430000)
  to   space 2240K,   0% used [0x06430000, 0x06430000, 0x06660000)
 tenured generation   total 45744K, used 35276K [0x0a550000, 0x0d1fc000, 0x15000000)
   the space 45744K,  77% used [0x0a550000, 0x0c7c3368, 0x0c7c3400, 0x0d1fc000)
 Metaspace       used 55877K, capacity 57932K, committed 64000K, reserved 64896K
Event: 3098.381 GC heap after
Heap after GC invocations=493 (full 17):
 def new generation   total 20672K, used 1297K [0x05000000, 0x06660000, 0x0a550000)
  eden space 18432K,   0% used [0x05000000, 0x05000000, 0x06200000)
  from space 2240K,  57% used [0x06430000, 0x06574758, 0x06660000)
  to   space 2240K,   0% used [0x06200000, 0x06200000, 0x06430000)
 tenured generation   total 45744K, used 36680K [0x0a550000, 0x0d1fc000, 0x15000000)
   the space 45744K,  80% used [0x0a550000, 0x0c922350, 0x0c922400, 0x0d1fc000)
 Metaspace       used 55877K, capacity 57932K, committed 64000K, reserved 64896K
}

